<?xml version="1.0" encoding="UTF-8"?>
<!-- Generated by org.testng.reporters.JUnitReportReporter -->
<testsuite hostname="DESKTOP-4EVDH34" failures="0" tests="3" name="sampletestcases.LoginTests" time="0.015" errors="0" timestamp="2022-10-06T16:49:26 IST" skipped="0">
  <testcase classname="sampletestcases.LoginTests" name="verifyloginwithValidCredentials" time="0.000"/>
  <system-out/>
  <testcase classname="sampletestcases.LoginTests" name="verifyloginwithInValidCredentials" time="0.015"/>
  <system-out/>
  <testcase classname="sampletestcases.LoginTests" name="verifyloginwithNoValidCredentials" time="0.000"/>
  <system-out/>
</testsuite> <!-- sampletestcases.LoginTests -->
